0 info it worked if it ends with ok
1 verbose cli [ '/usr/local/bin/node',
1 verbose cli   '/usr/local/bin/npm',
1 verbose cli   'run',
1 verbose cli   'lint',
1 verbose cli   'app' ]
2 info using npm@2.5.1
3 info using node@v0.12.0
4 verbose run-script [ 'prelint', 'lint', 'postlint' ]
5 info prelint github-battle@1.0.0
6 info lint github-battle@1.0.0
7 verbose unsafe-perm in lifecycle true
8 info github-battle@1.0.0 Failed to exec lint script
9 verbose stack Error: github-battle@1.0.0 lint: `eslint src app`
9 verbose stack Exit status 1
9 verbose stack     at EventEmitter.<anonymous> (/usr/local/lib/node_modules/npm/lib/utils/lifecycle.js:213:16)
9 verbose stack     at EventEmitter.emit (events.js:110:17)
9 verbose stack     at ChildProcess.<anonymous> (/usr/local/lib/node_modules/npm/lib/utils/spawn.js:14:12)
9 verbose stack     at ChildProcess.emit (events.js:110:17)
9 verbose stack     at maybeClose (child_process.js:1008:16)
9 verbose stack     at Process.ChildProcess._handle.onexit (child_process.js:1080:5)
10 verbose pkgid github-battle@1.0.0
11 verbose cwd /Users/tomaszbuszewski/projects/react-recipes
12 error Darwin 15.4.0
13 error argv "/usr/local/bin/node" "/usr/local/bin/npm" "run" "lint" "app"
14 error node v0.12.0
15 error npm  v2.5.1
16 error code ELIFECYCLE
17 error github-battle@1.0.0 lint: `eslint src app`
17 error Exit status 1
18 error Failed at the github-battle@1.0.0 lint script 'eslint src app'.
18 error This is most likely a problem with the github-battle package,
18 error not with npm itself.
18 error Tell the author that this fails on your system:
18 error     eslint src app
18 error You can get their info via:
18 error     npm owner ls github-battle
18 error There is likely additional logging output above.
19 verbose exit [ 1, true ]
